  [4;36;1mSQL (0.3ms)[0m   [0;1m SELECT name
 FROM sqlite_master
 WHERE type = 'table' AND NOT name = 'sqlite_sequence'
[0m
  [4;35;1mSQL (0.1ms)[0m   [0mselect sqlite_version(*)[0m
  [4;36;1mSQL (153.7ms)[0m   [0;1mCREATE TABLE "schema_migrations" ("version" varchar(255) NOT NULL) [0m
  [4;35;1mSQL (0.1ms)[0m   [0mPRAGMA index_list("schema_migrations")[0m
  [4;36;1mSQL (74.9ms)[0m   [0;1mCREATE UNIQUE INDEX "unique_schema_migrations" ON "schema_migrations" ("version")[0m
  [4;35;1mSQL (0.1ms)[0m   [0m SELECT name
 FROM sqlite_master
 WHERE type = 'table' AND NOT name = 'sqlite_sequence'
[0m
  [4;36;1mSQL (0.1ms)[0m   [0;1mSELECT version FROM schema_migrations[0m
Migrating to CreateProducts (20110124031250)
  [4;35;1mSQL (0.3ms)[0m   [0mCREATE TABLE "products" ("id" INTEGER PRIMARY KEY AUTOINCREMENT NOT NULL, "title" varchar(255), "description" text, "image_url" varchar(255), "created_at" datetime, "updated_at" datetime) [0m
  [4;36;1mSQL (0.1ms)[0m   [0;1mINSERT INTO schema_migrations (version) VALUES ('20110124031250')[0m
  [4;35;1mSQL (0.2ms)[0m   [0m SELECT name
 FROM sqlite_master
 WHERE type = 'table' AND NOT name = 'sqlite_sequence'
[0m
  [4;36;1mSQL (0.1ms)[0m   [0;1mSELECT version FROM schema_migrations[0m
  [4;35;1mSQL (0.1ms)[0m   [0m SELECT name
 FROM sqlite_master
 WHERE type = 'table' AND NOT name = 'sqlite_sequence'
[0m
  [4;36;1mSQL (0.0ms)[0m   [0;1mPRAGMA index_list("products")[0m


Processing ProductsController#index (for 127.0.0.1 at 2011-01-23 20:15:09) [GET]
  [4;36;1mProduct Load (0.5ms)[0m   [0;1mSELECT * FROM "products" [0m
Rendering template within layouts/products
Rendering products/index
Completed in 20ms (View: 14, DB: 1) | 200 OK [http://localhost/products]


Processing ProductsController#new (for 127.0.0.1 at 2011-01-23 20:15:24) [GET]
Rendering template within layouts/products
Rendering products/new
Completed in 117ms (View: 112, DB: 0) | 200 OK [http://localhost/products/new]


Processing ProductsController#create (for 127.0.0.1 at 2011-01-23 20:15:55) [POST]
  Parameters: {"commit"=>"Create", "authenticity_token"=>"4NnVmahV0WJSD9PVmUyDyi0LckKOEfaWYSEARl4ircc=", "product"=>{"image_url"=>"", "title"=>"test product 1", "description"=>"Lorem ipsum dolor sit amet, consectetur adipiscing elit. Cras semper vehicula massa vel ultricies. Nullam luctus nisi et diam dictum in tincidunt purus adipiscing. Vivamus placerat ultrices nisi, vel laoreet lorem blandit sed. Aenean in vehicula nulla. Quisque pretium risus a nibh convallis nec pharetra magna tempor. Mauris ultricies arcu quis tortor pulvinar laoreet. Etiam nec faucibus dolor. Sed dapibus elementum mi, at vehicula eros viverra ut. Vestibulum quis auctor odio. Class aptent taciti sociosqu ad litora torquent per conubia nostra, per inceptos himenaeos. Duis id lacus sem, ut consectetur arcu. Vivamus non lorem non ipsum adipiscing ornare. Duis tempus ipsum sollicitudin ipsum semper venenatis."}}
  [4;35;1mProduct Create (0.3ms)[0m   [0mINSERT INTO "products" ("created_at", "title", "image_url", "updated_at", "description") VALUES('2011-01-24 03:15:55', 'test product 1', '', '2011-01-24 03:15:55', 'Lorem ipsum dolor sit amet, consectetur adipiscing elit. Cras semper vehicula massa vel ultricies. Nullam luctus nisi et diam dictum in tincidunt purus adipiscing. Vivamus placerat ultrices nisi, vel laoreet lorem blandit sed. Aenean in vehicula nulla. Quisque pretium risus a nibh convallis nec pharetra magna tempor. Mauris ultricies arcu quis tortor pulvinar laoreet. Etiam nec faucibus dolor. Sed dapibus elementum mi, at vehicula eros viverra ut. Vestibulum quis auctor odio. Class aptent taciti sociosqu ad litora torquent per conubia nostra, per inceptos himenaeos. Duis id lacus sem, ut consectetur arcu. Vivamus non lorem non ipsum adipiscing ornare. Duis tempus ipsum sollicitudin ipsum semper venenatis.')[0m
Redirected to http://localhost:3000/products/1
Completed in 248ms (DB: 0) | 302 Found [http://localhost/products]


Processing ProductsController#show (for 127.0.0.1 at 2011-01-23 20:15:55) [GET]
  Parameters: {"id"=>"1"}
  [4;36;1mProduct Load (0.1ms)[0m   [0;1mSELECT * FROM "products" WHERE ("products"."id" = 1) [0m
Rendering template within layouts/products
Rendering products/show
Completed in 9ms (View: 5, DB: 0) | 200 OK [http://localhost/products/1]


Processing ProductsController#index (for 127.0.0.1 at 2011-01-23 20:16:08) [GET]
  [4;35;1mProduct Load (0.3ms)[0m   [0mSELECT * FROM "products" [0m
Rendering template within layouts/products
Rendering products/index
Completed in 8ms (View: 4, DB: 0) | 200 OK [http://localhost/products]
